1553679242408	mozrunner::runner	INFO	Running command: "C:\\Program Files\\Mozilla Firefox\\firefox.exe" "-marionette" "-foreground" "-no-remote" "-profile" "C:\\Users\\IBRAHE~1\\AppData\\Local\\Temp\\rust_mozprofile.TS2khK1pyJnG"
1553679243196	addons.webextension.screenshots@mozilla.org	WARN	Loading extension 'screenshots@mozilla.org': Reading manifest: Invalid host permission: resource://pdf.js/
1553679243197	addons.webextension.screenshots@mozilla.org	WARN	Loading extension 'screenshots@mozilla.org': Reading manifest: Invalid host permission: about:reader*
1553679244458	Marionette	INFO	Listening on port 49168
1553679244527	Marionette	WARN	TLS certificate errors will be ignored for this session
1553679251039	Marionette	WARN	TimedPromise timed out after 500 ms: stacktrace:
bail@chrome://marionette/content/sync.js:196:64
1553679256365	Marionette	INFO	Stopped listening on port 49168
[Child 18148, Chrome_ChildThread] WARNING: pipe error: 109: file z:/build/build/src/ipc/chr[oParent 19168,m Gecko_IOThreaium/src/chd] WARNING: pipe error: 109: file z:/builrd/build/src/ipc/chromium/src/chrome/common/ipc_channel_win.cc, line 332o
me/common/ipc_channel_win.cc, line 332
[Child[Child 9980, Chrome_ChildThread] WARNING: pipe error: 109: file z:/build/build/src/ipc/chromium/src/chrome/common/ipc_channel_win.cc, line 332
[Parent 19168, Gecko_IOThread] WARNING: pipe error: 109: file z:/build/build/src/ipc/chromium/src/chrome/common/ipc_channel_win.cc, line 332
[Child 18984, Chrome_ChildThread] WARNING: pipe error: 109: file z:/build/build/src/ipc/chromium/src/chrome/common/ipc_channel_win.cc, line 332
[Child 
###!!! [Child][RunMessage] Error: Channel closing: too late to send/recv, messages will be lost

[
###!!! [Child][MessageChannel::SendAndWait] Error: Channel error: cannot send/recv

1553679282605	mozrunner::runner	INFO	Running command: "C:\\Program Files\\Mozilla Firefox\\firefox.exe" "-marionette" "-foreground" "-no-remote" "-profile" "C:\\Users\\IBRAHE~1\\AppData\\Local\\Temp\\rust_mozprofile.LoNbghQqtQsm"
1553679282966	addons.webextension.screenshots@mozilla.org	WARN	Loading extension 'screenshots@mozilla.org': Reading manifest: Invalid host permission: resource://pdf.js/
1553679282966	addons.webextension.screenshots@mozilla.org	WARN	Loading extension 'screenshots@mozilla.org': Reading manifest: Invalid host permission: about:reader*
1553679284141	Marionette	INFO	Listening on port 49265
1553679284217	Marionette	WARN	TLS certificate errors will be ignored for this session
1553679291077	Marionette	WARN	TimedPromise timed out after 500 ms: stacktrace:
bail@chrome://marionette/content/sync.js:196:64
send@https://opensource-demo.orangehrmlive.com/webres_5bd6ae3dc0fea0.31921995/js/jquery/jquery-1.7.2.min.js:4:17877
ajax@https://opensource-demo.orangehrmlive.com/webres_5bd6ae3dc0fea0.31921995/js/jquery/jquery-1.7.2.min.js:4:15042
domManip/<@https://opensource-demo.orangehrmlive.com/webres_5bd6ae3dc0fea0.31921995/js/jquery/jquery-1.7.2.min.js:4:2468
each@https://opensource-demo.orangehrmlive.com/webres_5bd6ae3dc0fea0.31921995/js/jquery/jquery-1.7.2.min.js:2:11774
domManip@https://opensource-demo.orangehrmlive.com/webres_5bd6ae3dc0fea0.31921995/js/jquery/jquery-1.7.2.min.js:4:2439
append@https://opensource-demo.orangehrmlive.com/webres_5bd6ae3dc0fea0.31921995/js/jquery/jquery-1.7.2.min.js:3:32403
html/<@https://opensource-demo.orangehrmlive.com/webres_5bd6ae3dc0fea0.31921995/js/jquery/jquery-1.7.2.min.js:4:1283
access@https://opensource-demo.orangehrmlive.com/webres_5bd6ae3dc0fea0.31921995/js/jquery/jquery-1.7.2.min.js:2:13264
html@https://opensource-demo.orangehrmlive.com/webres_5bd6ae3dc0fea0.31921995/js/jquery/jquery-1.7.2.min.js:4:874
success@https://opensource-demo.orangehrmlive.com/index.php/dashboard:948:36
o@https://opensource-demo.orangehrmlive.com/webres_5bd6ae3dc0fea0.31921995/js/jquery/jquery-1.7.2.min.js:2:14728
fireWith@https://opensource-demo.orangehrmlive.com/webres_5bd6ae3dc0fea0.31921995/js/jquery/jquery-1.7.2.min.js:2:15502
w@https://opensource-demo.orangehrmlive.com/webres_5bd6ae3dc0fea0.31921995/js/jquery/jquery-1.7.2.min.js:4:12470
d@https://opensource-demo.orangehrmlive.com/webres_5bd6ae3dc0fea0.31921995/js/jquery/jquery-1.7.2.min.js:4:18318
1553679296374	Marionette	INFO	Stopped listening on port 49265
[Parent 17916, Gecko_IOThread] WARNING: pipe error: 109: file z:/build/build/src/ipc/chromium/src/chrome/common/ipc_channel_win.cc, line 332
[Child 13416, Chrome_ChildThread] WARNING: pipe error: 109: file z:/build/build/src/ipc/chromium/src/chrome/common/ipc_channel_win.cc, line 332
[Child 13416, Chrome_ChildThread] WARNING: pipe error: 109: file z:/build/build/src/ipc/chromium/src/chrome/com[Parent 17916, Gecko_IOThread] WARNING: pipe error: 109: file z:/build/build/src/ipc/chromium/src/chrome/common/ipc_channel_win.cc, line 332
[Child 18548, Chrome_ChildThread] WARNING: pipe error: 109: file z:/build/build/src/ipc/chromium/src/chrome/common/ipc_channel_win.cc, line 332
[Ch
###!!! [Child][RunMessage] Error: Channel closing: too late to send/recv, messages will be lost

[
###!!! [Child][MessageChannel::SendAndWait] Error: Channel error: cannot send/recv

1553679393861	mozrunner::runner	INFO	Running command: "C:\\Program Files\\Mozilla Firefox\\firefox.exe" "-marionette" "-foreground" "-no-remote" "-profile" "C:\\Users\\IBRAHE~1\\AppData\\Local\\Temp\\rust_mozprofile.uweIhXcrKpa7"
1553679394226	addons.webextension.screenshots@mozilla.org	WARN	Loading extension 'screenshots@mozilla.org': Reading manifest: Invalid host permission: resource://pdf.js/
1553679394226	addons.webextension.screenshots@mozilla.org	WARN	Loading extension 'screenshots@mozilla.org': Reading manifest: Invalid host permission: about:reader*
1553679395380	Marionette	INFO	Listening on port 49399
1553679395481	Marionette	WARN	TLS certificate errors will be ignored for this session
1553679401280	Marionette	WARN	TimedPromise timed out after 500 ms: stacktrace:
bail@chrome://marionette/content/sync.js:196:64
send@https://opensource-demo.orangehrmlive.com/webres_5bd6ae3dc0fea0.31921995/js/jquery/jquery-1.7.2.min.js:4:17877
ajax@https://opensource-demo.orangehrmlive.com/webres_5bd6ae3dc0fea0.31921995/js/jquery/jquery-1.7.2.min.js:4:15042
domManip/<@https://opensource-demo.orangehrmlive.com/webres_5bd6ae3dc0fea0.31921995/js/jquery/jquery-1.7.2.min.js:4:2468
each@https://opensource-demo.orangehrmlive.com/webres_5bd6ae3dc0fea0.31921995/js/jquery/jquery-1.7.2.min.js:2:11774
domManip@https://opensource-demo.orangehrmlive.com/webres_5bd6ae3dc0fea0.31921995/js/jquery/jquery-1.7.2.min.js:4:2439
append@https://opensource-demo.orangehrmlive.com/webres_5bd6ae3dc0fea0.31921995/js/jquery/jquery-1.7.2.min.js:3:32403
html/<@https://opensource-demo.orangehrmlive.com/webres_5bd6ae3dc0fea0.31921995/js/jquery/jquery-1.7.2.min.js:4:1283
access@https://opensource-demo.orangehrmlive.com/webres_5bd6ae3dc0fea0.31921995/js/jquery/jquery-1.7.2.min.js:2:13264
html@https://opensource-demo.orangehrmlive.com/webres_5bd6ae3dc0fea0.31921995/js/jquery/jquery-1.7.2.min.js:4:874
success@https://opensource-demo.orangehrmlive.com/index.php/dashboard:948:36
o@https://opensource-demo.orangehrmlive.com/webres_5bd6ae3dc0fea0.31921995/js/jquery/jquery-1.7.2.min.js:2:14728
fireWith@https://opensource-demo.orangehrmlive.com/webres_5bd6ae3dc0fea0.31921995/js/jquery/jquery-1.7.2.min.js:2:15502
w@https://opensource-demo.orangehrmlive.com/webres_5bd6ae3dc0fea0.31921995/js/jquery/jquery-1.7.2.min.js:4:12470
d@https://opensource-demo.orangehrmlive.com/webres_5bd6ae3dc0fea0.31921995/js/jquery/jquery-1.7.2.min.js:4:18318
1553679403234	Marionette	INFO	Stopped listening on port 49399
[Parent 16664, Gecko_IOThread] WARNING: pipe error: 109: file z:/build/build/src/ipc/chromium/src/chrome/common/ipc_channel_win.cc, line 332
[Child 14924, Chrome_ChildThread] WARNING: pipe error: 109: file z:/build/build/src/ipc/chromium/src/chrome/common/ipc_channel_win.cc, line 332
[Child 14924, Chrome_ChildThread] WARNING: pipe error: 109: file z:/build/build/src/ipc/chromium/src/chrome/common/ipc_channel_win.cc, line 332
[Parent 16664, Gecko_IOThread] WARNING: pipe error: 109: file z:/build/build/src/ipc/chromium/src/chrome/common/ipc_channel_win.cc, line 332

###!!! [Child][RunMessage] Error: Channel closing: too late to send/recv, messages will be lost

[G
###!!! [Child][MessageChannel::SendAndWait] Error: Channel error: cannot send/recv

